#
# A fatal error has been detected by the Java Runtime Environment:
#
#  EXCEPTION_ACCESS_VIOLATION (0xc0000005) at pc=0x00007ffd6552bbdf, pid=12956, tid=6656
#
# JRE version: Java(TM) SE Runtime Environment (9.0+181) (build 9+181)
# Java VM: Java HotSpot(TM) 64-Bit Server VM (9+181, mixed mode, tiered, compressed oops, g1 gc, windows-amd64)
# Problematic frame:
# C  [ntdll.dll+0x3bbdf]
#
# No core dump will be written. Minidumps are not enabled by default on client versions of Windows
#
# If you would like to submit a bug report, please visit:
#   http://bugreport.java.com/bugreport/crash.jsp
# The crash happened outside the Java Virtual Machine in native code.
# See problematic frame for where to report the bug.
#

---------------  S U M M A R Y ------------

Command Line: -javaagent:A:\Program Files\JetBrains\IntelliJ IDEA 2017.2.5\lib\idea_rt.jar=49843:A:\Program Files\JetBrains\IntelliJ IDEA 2017.2.5\bin -Dfile.encoding=UTF-8 dev.tilegame.Launcher

Host: Intel(R) Core(TM) i5-6600K CPU @ 3.50GHz, 4 cores, 15G,  Windows 10 , 64 bit Build 15063 (10.0.15063.296)
Time: Sat Oct 07 15:33:32 2017 Eastern Daylight Time elapsed time: 31 seconds (0d 0h 0m 31s)

---------------  T H R E A D  ---------------

Current thread (0x000001e94ce19000):  JavaThread "Thread-0" [_thread_in_native, id=6656, stack(0x00000076fe000000,0x00000076fe100000)]

Stack: [0x00000076fe000000,0x00000076fe100000],  sp=0x00000076fe0fed60,  free space=1019k
Native frames: (J=compiled Java code, j=interpreted, Vv=VM code, C=native code)
C  [ntdll.dll+0x3bbdf]
C  [ntdll.dll+0x14571]
C  [ntdll.dll+0x14490]
C  0x00007ffd24de25bb

Java frames: (J=compiled Java code, j=interpreted, Vv=VM code)
j  sun.java2d.d3d.D3DSurfaceData.initOps(III)V+0 java.desktop@9
j  sun.java2d.d3d.D3DSurfaceData.<init>(Lsun/awt/windows/WComponentPeer;Lsun/java2d/d3d/D3DGraphicsConfig;IILjava/awt/Image;Ljava/awt/image/ColorModel;IILsun/java2d/pipe/hw/ExtendedBufferCapabilities$VSyncType;I)V+214 java.desktop@9
j  sun.java2d.d3d.D3DSurfaceData.createData(Lsun/awt/windows/WComponentPeer;Ljava/awt/Image;)Lsun/java2d/d3d/D3DSurfaceData;+117 java.desktop@9
j  sun.java2d.d3d.D3DVolatileSurfaceManager.initAcceleratedSurface()Lsun/java2d/SurfaceData;+68 java.desktop@9
j  sun.java2d.d3d.D3DVolatileSurfaceManager.restoreAcceleratedSurface()V+49 java.desktop@9
J 1223 c1 sun.awt.image.VolatileSurfaceManager.validate(Ljava/awt/GraphicsConfiguration;)I java.desktop@9 (213 bytes) @ 0x000001e930c6d904 [0x000001e930c6d280+0x0000000000000684]
J 1222 c1 sun.awt.image.SunVolatileImage.validate(Ljava/awt/GraphicsConfiguration;)I java.desktop@9 (9 bytes) @ 0x000001e930c6ce34 [0x000001e930c6cd40+0x00000000000000f4]
J 1251 c1 java.awt.Component$FlipBufferStrategy.revalidate(Z)V java.desktop@9 (143 bytes) @ 0x000001e930c79e64 [0x000001e930c79940+0x0000000000000524]
J 1228 c1 java.awt.Component$FlipBufferStrategy.getDrawGraphics()Ljava/awt/Graphics; java.desktop@9 (12 bytes) @ 0x000001e930c6fb1c [0x000001e930c6f960+0x00000000000001bc]
J 1269 c1 dev.tilegame.Game.render()V (92 bytes) @ 0x000001e930c834d4 [0x000001e930c832e0+0x00000000000001f4]
J 962% c2 dev.tilegame.Game.run()V (79 bytes) @ 0x000001e938001bcc [0x000001e938001ae0+0x00000000000000ec]
j  java.lang.Thread.run()V+11 java.base@9
v  ~StubRoutines::call_stub

siginfo: EXCEPTION_ACCESS_VIOLATION (0xc0000005), writing address 0x0000000000000024


Register to memory mapping:

RIP=0x00007ffd6552bbdf ntdll.dll
RAX=0x0000000000000000 is an unknown value
RBX=0x000001e94d29c3a8 is an unknown value
RCX=0x000001e94d29c3a8 is an unknown value
RDX=0xffffffffffffffff is an unknown value
RSP=0x00000076fe0fed60 is pointing into the stack for thread: 0x000001e94ce19000
RBP=0x00000076fe0fedd0 is pointing into the stack for thread: 0x000001e94ce19000
RSI=0x0000000000000000 is an unknown value
RDI=0x0000000000000000 is an unknown value
R8 =0x0000000000000000 is an unknown value
R9 =0x000001e94cdacea0 is an unknown value
R10={method} {0x000001e94dd0e328} 'addRecord' '(Ljava/lang/Object;JJ)V' in 'sun/java2d/Disposer'
R11=0x000001e956d2f410 is an unknown value
R12=0x0000000000000000 is an unknown value
R13={method} {0x000001e9585f3230} 'initOps' '(III)V' in 'sun/java2d/d3d/D3DSurfaceData'
R14=0x0000000000000001 is an unknown value
R15=0x0000000000000000 is an unknown value


Registers:
RAX=0x0000000000000000, RBX=0x000001e94d29c3a8, RCX=0x000001e94d29c3a8, RDX=0xffffffffffffffff
RSP=0x00000076fe0fed60, RBP=0x00000076fe0fedd0, RSI=0x0000000000000000, RDI=0x0000000000000000
R8 =0x0000000000000000, R9 =0x000001e94cdacea0, R10=0x000001e94dd0e320, R11=0x000001e956d2f410
R12=0x0000000000000000, R13=0x000001e9585f3228, R14=0x0000000000000001, R15=0x0000000000000000
RIP=0x00007ffd6552bbdf, EFLAGS=0x0000000000010213

Top of Stack: (sp=0x00000076fe0fed60)
0x00000076fe0fed60:   ffffffffffffffff 000001e94d29c3a8
0x00000076fe0fed70:   000001e94ce19000 000001e94ce19218
0x00000076fe0fed80:   0000000000000000 0000000063b5b41e
0x00000076fe0fed90:   000001e958782bf0 00000076fc3ce000
0x00000076fe0feda0:   00000076fe0fee88 00000000639b6417
0x00000076fe0fedb0:   000001e94cd6d940 00000076fe0fee08
0x00000076fe0fedc0:   000001e94ce19000 000001e900000002
0x00000076fe0fedd0:   000001e94ce19000 0000000000000001
0x00000076fe0fede0:   000001e9585f3228 0000000000000000
0x00000076fe0fedf0:   0000000000000000 000001e94ce0f800
0x00000076fe0fee00:   0000000000000001 00007ffd65504571
0x00000076fe0fee10:   000001e94c187900 000001e94d29c3a8
0x00000076fe0fee20:   000001e9fffffffa 0000000063d31f85
0x00000076fe0fee30:   00000076fe0ff000 00007ffd65504490
0x00000076fe0fee40:   00000076fe0feec0 0000000000010001
0x00000076fe0fee50:   000001e94ce0f880 0000000000000000 

Instructions: (pc=0x00007ffd6552bbdf)
0x00007ffd6552bbbf:   0f 45 fe 48 39 73 18 0f 84 9e 01 00 00 48 83 3b
0x00007ffd6552bbcf:   ff 0f 84 a1 01 00 00 48 8b 03 48 83 f8 ff 74 03
0x00007ffd6552bbdf:   ff 40 24 48 8b 7b 18 44 8b ee 48 89 7d c0 e8 ee
0x00007ffd6552bbef:   57 ff ff 85 c0 0f 85 e2 fe 07 00 b9 82 03 fe 7f 



---------------  P R O C E S S  ---------------

Java Threads: ( => current thread )
  0x000001e94d628000 JavaThread "ToolkitShutdown" daemon [_thread_in_native, id=4744, stack(0x00000076feb00000,0x00000076fec00000)]
  0x000001e94d75d000 JavaThread "AWT-EventQueue-0" [_thread_blocked, id=12436, stack(0x00000076fe600000,0x00000076fe700000)]
  0x000001e94d229800 JavaThread "AWT-Shutdown" [_thread_blocked, id=16164, stack(0x00000076fe200000,0x00000076fe300000)]
  0x000001e94d216000 JavaThread "Java2D Disposer" daemon [_thread_blocked, id=14204, stack(0x00000076fe100000,0x00000076fe200000)]
  0x000001e9243ee000 JavaThread "DestroyJavaVM" [_thread_blocked, id=10364, stack(0x00000076fc700000,0x00000076fc800000)]
=>0x000001e94ce19000 JavaThread "Thread-0" [_thread_in_native, id=6656, stack(0x00000076fe000000,0x00000076fe100000)]
  0x000001e94ce0b000 JavaThread "Service Thread" daemon [_thread_blocked, id=5680, stack(0x00000076fde00000,0x00000076fdf00000)]
  0x000001e94ce0a000 JavaThread "Monitor Ctrl-Break" daemon [_thread_in_native, id=9664, stack(0x00000076fdd00000,0x00000076fde00000)]
  0x000001e94ccc0800 JavaThread "Common-Cleaner" daemon [_thread_blocked, id=3892, stack(0x00000076fdc00000,0x00000076fdd00000)]
  0x000001e94cc9c000 JavaThread "Sweeper thread" daemon [_thread_blocked, id=8260, stack(0x00000076fdb00000,0x00000076fdc00000)]
  0x000001e94c2f8000 JavaThread "C1 CompilerThread2" daemon [_thread_blocked, id=11048, stack(0x00000076fda00000,0x00000076fdb00000)]
  0x000001e94c2ed800 JavaThread "C2 CompilerThread1" daemon [_thread_blocked, id=14892, stack(0x00000076fd900000,0x00000076fda00000)]
  0x000001e94c2ea000 JavaThread "C2 CompilerThread0" daemon [_thread_blocked, id=2620, stack(0x00000076fd800000,0x00000076fd900000)]
  0x000001e94c2e9000 JavaThread "Attach Listener" daemon [_thread_blocked, id=2248, stack(0x00000076fd700000,0x00000076fd800000)]
  0x000001e94c2e8800 JavaThread "Signal Dispatcher" daemon [_thread_blocked, id=14324, stack(0x00000076fd600000,0x00000076fd700000)]
  0x000001e94c2d6800 JavaThread "Finalizer" daemon [_thread_blocked, id=4004, stack(0x00000076fd500000,0x00000076fd600000)]
  0x000001e94c2cd000 JavaThread "Reference Handler" daemon [_thread_blocked, id=10184, stack(0x00000076fd400000,0x00000076fd500000)]

Other Threads:
  0x000001e94c2c8800 VMThread "VM Thread" [stack: 0x00000076fd300000,0x00000076fd400000] [id=3680]
  0x000001e94ce12000 WatcherThread [stack: 0x00000076fdf00000,0x00000076fe000000] [id=12216]
  0x000001e924404000 GCTaskThread "GC Thread#0" [stack: 0x00000076fc800000,0x00000076fc900000] [id=8244]
  0x000001e924405800 GCTaskThread "GC Thread#1" [stack: 0x00000076fc900000,0x00000076fca00000] [id=16248]
  0x000001e924408800 GCTaskThread "GC Thread#2" [stack: 0x00000076fca00000,0x00000076fcb00000] [id=3636]
  0x000001e92440a800 GCTaskThread "GC Thread#3" [stack: 0x00000076fcb00000,0x00000076fcc00000] [id=6272]
  0x000001e924470800 ConcurrentGCThread "G1 Main Marker" [stack: 0x00000076fd100000,0x00000076fd200000] [id=404]
  0x000001e924471800 ConcurrentGCThread "G1 Marker#0" [stack: 0x00000076fd200000,0x00000076fd300000] [id=4616]
  0x000001e92441d000 ConcurrentGCThread "G1 Refine#0" [stack: 0x00000076fcf00000,0x00000076fd000000] [id=2180]
  0x000001e92441b800 ConcurrentGCThread "G1 Refine#1" [stack: 0x00000076fce00000,0x00000076fcf00000] [id=3588]
  0x000001e92441a800 ConcurrentGCThread "G1 Refine#2" [stack: 0x00000076fcd00000,0x00000076fce00000] [id=13432]
  0x000001e92440d000 ConcurrentGCThread "G1 Refine#3" [stack: 0x00000076fcc00000,0x00000076fcd00000] [id=8720]
  0x000001e92441e000 ConcurrentGCThread "G1 Young RemSet Sampling" [stack: 0x00000076fd000000,0x00000076fd100000] [id=8032]

Threads with active compile tasks:

VM state:not at safepoint (normal execution)

VM Mutex/Monitor currently owned by a thread: None

Heap address: 0x00000006c0800000, size: 4088 MB, Compressed Oops mode: Zero based, Oop shift amount: 3
Narrow klass base: 0x0000000000000000, Narrow klass shift: 3
Compressed class space size: 1073741824 Address: 0x00000007c0000000

Heap:
 garbage-first heap   total 262144K, used 18613K [0x00000006c0800000, 0x00000006c0900800, 0x00000007c0000000)
  region size 1024K, 19 young (19456K), 2 survivors (2048K)
 Metaspace       used 14969K, capacity 15772K, committed 16128K, reserved 1062912K
  class space    used 1532K, capacity 1722K, committed 1792K, reserved 1048576K
Heap Regions: E=young(eden), S=young(survivor), O=old, HS=humongous(starts), HC=humongous(continues), CS=collection set, F=free, A=archive, TS=gc time stamp, AC=allocation context, TAMS=top-at-mark-start (previous, next)
|   0|0x00000006c0800000, 0x00000006c082d600, 0x00000006c0900000| 17%| O|  |TS  1|AC  0|TAMS 0x00000006c0800000, 0x00000006c0800000|
|   1|0x00000006c0900000, 0x00000006c0900000, 0x00000006c0a00000|  0%| F|  |TS  0|AC  0|TAMS 0x00000006c0900000, 0x00000006c0900000|
|   2|0x00000006c0a00000, 0x00000006c0a00000, 0x00000006c0b00000|  0%| F|  |TS  0|AC  0|TAMS 0x00000006c0a00000, 0x00000006c0a00000|
|   3|0x00000006c0b00000, 0x00000006c0b00000, 0x00000006c0c00000|  0%| F|  |TS  0|AC  0|TAMS 0x00000006c0b00000, 0x00000006c0b00000|
|   4|0x00000006c0c00000, 0x00000006c0c00000, 0x00000006c0d00000|  0%| F|  |TS  0|AC  0|TAMS 0x00000006c0c00000, 0x00000006c0c00000|
|   5|0x00000006c0d00000, 0x00000006c0d00000, 0x00000006c0e00000|  0%| F|  |TS  0|AC  0|TAMS 0x00000006c0d00000, 0x00000006c0d00000|
|   6|0x00000006c0e00000, 0x00000006c0e00000, 0x00000006c0f00000|  0%| F|  |TS  0|AC  0|TAMS 0x00000006c0e00000, 0x00000006c0e00000|
|   7|0x00000006c0f00000, 0x00000006c0f00000, 0x00000006c1000000|  0%| F|  |TS  0|AC  0|TAMS 0x00000006c0f00000, 0x00000006c0f00000|
|   8|0x00000006c1000000, 0x00000006c1000000, 0x00000006c1100000|  0%| F|  |TS  0|AC  0|TAMS 0x00000006c1000000, 0x00000006c1000000|
|   9|0x00000006c1100000, 0x00000006c1100000, 0x00000006c1200000|  0%| F|  |TS  0|AC  0|TAMS 0x00000006c1100000, 0x00000006c1100000|
|  10|0x00000006c1200000, 0x00000006c1200000, 0x00000006c1300000|  0%| F|  |TS  0|AC  0|TAMS 0x00000006c1200000, 0x00000006c1200000|
|  11|0x00000006c1300000, 0x00000006c1300000, 0x00000006c1400000|  0%| F|  |TS  0|AC  0|TAMS 0x00000006c1300000, 0x00000006c1300000|
|  12|0x00000006c1400000, 0x00000006c1400000, 0x00000006c1500000|  0%| F|  |TS  0|AC  0|TAMS 0x00000006c1400000, 0x00000006c1400000|
|  13|0x00000006c1500000, 0x00000006c1500000, 0x00000006c1600000|  0%| F|  |TS  0|AC  0|TAMS 0x00000006c1500000, 0x00000006c1500000|
|  14|0x00000006c1600000, 0x00000006c1600000, 0x00000006c1700000|  0%| F|  |TS  0|AC  0|TAMS 0x00000006c1600000, 0x00000006c1600000|
|  15|0x00000006c1700000, 0x00000006c1700000, 0x00000006c1800000|  0%| F|  |TS  0|AC  0|TAMS 0x00000006c1700000, 0x00000006c1700000|
|  16|0x00000006c1800000, 0x00000006c1800000, 0x00000006c1900000|  0%| F|  |TS  0|AC  0|TAMS 0x00000006c1800000, 0x00000006c1800000|
|  17|0x00000006c1900000, 0x00000006c1900000, 0x00000006c1a00000|  0%| F|  |TS  0|AC  0|TAMS 0x00000006c1900000, 0x00000006c1900000|
|  18|0x00000006c1a00000, 0x00000006c1a00000, 0x00000006c1b00000|  0%| F|  |TS  0|AC  0|TAMS 0x00000006c1a00000, 0x00000006c1a00000|
|  19|0x00000006c1b00000, 0x00000006c1b00000, 0x00000006c1c00000|  0%| F|  |TS  0|AC  0|TAMS 0x00000006c1b00000, 0x00000006c1b00000|
|  20|0x00000006c1c00000, 0x00000006c1c00000, 0x00000006c1d00000|  0%| F|  |TS  0|AC  0|TAMS 0x00000006c1c00000, 0x00000006c1c00000|
|  21|0x00000006c1d00000, 0x00000006c1d00000, 0x00000006c1e00000|  0%| F|  |TS  0|AC  0|TAMS 0x00000006c1d00000, 0x00000006c1d00000|
|  22|0x00000006c1e00000, 0x00000006c1e00000, 0x00000006c1f00000|  0%| F|  |TS  0|AC  0|TAMS 0x00000006c1e00000, 0x00000006c1e00000|
|  23|0x00000006c1f00000, 0x00000006c1f00000, 0x00000006c2000000|  0%| F|  |TS  0|AC  0|TAMS 0x00000006c1f00000, 0x00000006c1f00000|
|  24|0x00000006c2000000, 0x00000006c2000000, 0x00000006c2100000|  0%| F|  |TS  0|AC  0|TAMS 0x00000006c2000000, 0x00000006c2000000|
|  25|0x00000006c2100000, 0x00000006c2100000, 0x00000006c2200000|  0%| F|  |TS  0|AC  0|TAMS 0x00000006c2100000, 0x00000006c2100000|
|  26|0x00000006c2200000, 0x00000006c2200000, 0x00000006c2300000|  0%| F|  |TS  0|AC  0|TAMS 0x00000006c2200000, 0x00000006c2200000|
|  27|0x00000006c2300000, 0x00000006c2300000, 0x00000006c2400000|  0%| F|  |TS  0|AC  0|TAMS 0x00000006c2300000, 0x00000006c2300000|
|  28|0x00000006c2400000, 0x00000006c2400000, 0x00000006c2500000|  0%| F|  |TS  0|AC  0|TAMS 0x00000006c2400000, 0x00000006c2400000|
|  29|0x00000006c2500000, 0x00000006c2500000, 0x00000006c2600000|  0%| F|  |TS  0|AC  0|TAMS 0x00000006c2500000, 0x00000006c2500000|
|  30|0x00000006c2600000, 0x00000006c2600000, 0x00000006c2700000|  0%| F|  |TS  0|AC  0|TAMS 0x00000006c2600000, 0x00000006c2600000|
|  31|0x00000006c2700000, 0x00000006c2700000, 0x00000006c2800000|  0%| F|  |TS  0|AC  0|TAMS 0x00000006c2700000, 0x00000006c2700000|
|  32|0x00000006c2800000, 0x00000006c2800000, 0x00000006c2900000|  0%| F|  |TS  0|AC  0|TAMS 0x00000006c2800000, 0x00000006c2800000|
|  33|0x00000006c2900000, 0x00000006c2900000, 0x00000006c2a00000|  0%| F|  |TS  0|AC  0|TAMS 0x00000006c2900000, 0x00000006c2900000|
|  34|0x00000006c2a00000, 0x00000006c2a00000, 0x00000006c2b00000|  0%| F|  |TS  0|AC  0|TAMS 0x00000006c2a00000, 0x00000006c2a00000|
|  35|0x00000006c2b00000, 0x00000006c2b00000, 0x00000006c2c00000|  0%| F|  |TS  0|AC  0|TAMS 0x00000006c2b00000, 0x00000006c2b00000|
|  36|0x00000006c2c00000, 0x00000006c2c00000, 0x00000006c2d00000|  0%| F|  |TS  0|AC  0|TAMS 0x00000006c2c00000, 0x00000006c2c00000|
|  37|0x00000006c2d00000, 0x00000006c2d00000, 0x00000006c2e00000|  0%| F|  |TS  0|AC  0|TAMS 0x00000006c2d00000, 0x00000006c2d00000|
|  38|0x00000006c2e00000, 0x00000006c2e00000, 0x00000006c2f00000|  0%| F|  |TS  0|AC  0|TAMS 0x00000006c2e00000, 0x00000006c2e00000|
|  39|0x00000006c2f00000, 0x00000006c2f00000, 0x00000006c3000000|  0%| F|  |TS  0|AC  0|TAMS 0x00000006c2f00000, 0x00000006c2f00000|
|  40|0x00000006c3000000, 0x00000006c3000000, 0x00000006c3100000|  0%| F|  |TS  0|AC  0|TAMS 0x00000006c3000000, 0x00000006c3000000|
|  41|0x00000006c3100000, 0x00000006c3100000, 0x00000006c3200000|  0%| F|  |TS  0|AC  0|TAMS 0x00000006c3100000, 0x00000006c3100000|
|  42|0x00000006c3200000, 0x00000006c3200000, 0x00000006c3300000|  0%| F|  |TS  0|AC  0|TAMS 0x00000006c3200000, 0x00000006c3200000|
|  43|0x00000006c3300000, 0x00000006c3300000, 0x00000006c3400000|  0%| F|  |TS  0|AC  0|TAMS 0x00000006c3300000, 0x00000006c3300000|
|  44|0x00000006c3400000, 0x00000006c3400000, 0x00000006c3500000|  0%| F|  |TS  0|AC  0|TAMS 0x00000006c3400000, 0x00000006c3400000|
|  45|0x00000006c3500000, 0x00000006c3500000, 0x00000006c3600000|  0%| F|  |TS  0|AC  0|TAMS 0x00000006c3500000, 0x00000006c3500000|
|  46|0x00000006c3600000, 0x00000006c3600000, 0x00000006c3700000|  0%| F|  |TS  0|AC  0|TAMS 0x00000006c3600000, 0x00000006c3600000|
|  47|0x00000006c3700000, 0x00000006c3700000, 0x00000006c3800000|  0%| F|  |TS  0|AC  0|TAMS 0x00000006c3700000, 0x00000006c3700000|
|  48|0x00000006c3800000, 0x00000006c3800000, 0x00000006c3900000|  0%| F|  |TS  0|AC  0|TAMS 0x00000006c3800000, 0x00000006c3800000|
|  49|0x00000006c3900000, 0x00000006c3900000, 0x00000006c3a00000|  0%| F|  |TS  0|AC  0|TAMS 0x00000006c3900000, 0x00000006c3900000|
|  50|0x00000006c3a00000, 0x00000006c3a00000, 0x00000006c3b00000|  0%| F|  |TS  0|AC  0|TAMS 0x00000006c3a00000, 0x00000006c3a00000|
|  51|0x00000006c3b00000, 0x00000006c3b00000, 0x00000006c3c00000|  0%| F|  |TS  0|AC  0|TAMS 0x00000006c3b00000, 0x00000006c3b00000|
|  52|0x00000006c3c00000, 0x00000006c3c00000, 0x00000006c3d00000|  0%| F|  |TS  0|AC  0|TAMS 0x00000006c3c00000, 0x00000006c3c00000|
|  53|0x00000006c3d00000, 0x00000006c3d00000, 0x00000006c3e00000|  0%| F|  |TS  0|AC  0|TAMS 0x00000006c3d00000, 0x00000006c3d00000|
|  54|0x00000006c3e00000, 0x00000006c3e00000, 0x00000006c3f00000|  0%| F|  |TS  0|AC  0|TAMS 0x00000006c3e00000, 0x00000006c3e00000|
|  55|0x00000006c3f00000, 0x00000006c3f00000, 0x00000006c4000000|  0%| F|  |TS  0|AC  0|TAMS 0x00000006c3f00000, 0x00000006c3f00000|
|  56|0x00000006c4000000, 0x00000006c4000000, 0x00000006c4100000|  0%| F|  |TS  0|AC  0|TAMS 0x00000006c4000000, 0x00000006c4000000|
|  57|0x00000006c4100000, 0x00000006c4100000, 0x00000006c4200000|  0%| F|  |TS  0|AC  0|TAMS 0x00000006c4100000, 0x00000006c4100000|
|  58|0x00000006c4200000, 0x00000006c4200000, 0x00000006c4300000|  0%| F|  |TS  0|AC  0|TAMS 0x00000006c4200000, 0x00000006c4200000|
|  59|0x00000006c4300000, 0x00000006c4300000, 0x00000006c4400000|  0%| F|  |TS  0|AC  0|TAMS 0x00000006c4300000, 0x00000006c4300000|
|  60|0x00000006c4400000, 0x00000006c4400000, 0x00000006c4500000|  0%| F|  |TS  0|AC  0|TAMS 0x00000006c4400000, 0x00000006c4400000|
|  61|0x00000006c4500000, 0x00000006c4500000, 0x00000006c4600000|  0%| F|  |TS  0|AC  0|TAMS 0x00000006c4500000, 0x00000006c4500000|
|  62|0x00000006c4600000, 0x00000006c4600000, 0x00000006c4700000|  0%| F|  |TS  0|AC  0|TAMS 0x00000006c4600000, 0x00000006c4600000|
|  63|0x00000006c4700000, 0x00000006c4700000, 0x00000006c4800000|  0%| F|  |TS  0|AC  0|TAMS 0x00000006c4700000, 0x00000006c4700000|
|  64|0x00000006c4800000, 0x00000006c4800000, 0x00000006c4900000|  0%| F|  |TS  0|AC  0|TAMS 0x00000006c4800000, 0x00000006c4800000|
|  65|0x00000006c4900000, 0x00000006c4900000, 0x00000006c4a00000|  0%| F|  |TS  0|AC  0|TAMS 0x00000006c4900000, 0x00000006c4900000|
|  66|0x00000006c4a00000, 0x00000006c4a00000, 0x00000006c4b00000|  0%| F|  |TS  0|AC  0|TAMS 0x00000006c4a00000, 0x00000006c4a00000|
|  67|0x00000006c4b00000, 0x00000006c4b00000, 0x00000006c4c00000|  0%| F|  |TS  0|AC  0|TAMS 0x00000006c4b00000, 0x00000006c4b00000|
|  68|0x00000006c4c00000, 0x00000006c4c00000, 0x00000006c4d00000|  0%| F|  |TS  0|AC  0|TAMS 0x00000006c4c00000, 0x00000006c4c00000|
|  69|0x00000006c4d00000, 0x00000006c4d00000, 0x00000006c4e00000|  0%| F|  |TS  0|AC  0|TAMS 0x00000006c4d00000, 0x00000006c4d00000|
|  70|0x00000006c4e00000, 0x00000006c4e00000, 0x00000006c4f00000|  0%| F|  |TS  0|AC  0|TAMS 0x00000006c4e00000, 0x00000006c4e00000|
|  71|0x00000006c4f00000, 0x00000006c4f00000, 0x00000006c5000000|  0%| F|  |TS  0|AC  0|TAMS 0x00000006c4f00000, 0x00000006c4f00000|
|  72|0x00000006c5000000, 0x00000006c5000000, 0x00000006c5100000|  0%| F|  |TS  0|AC  0|TAMS 0x00000006c5000000, 0x00000006c5000000|
|  73|0x00000006c5100000, 0x00000006c5100000, 0x00000006c5200000|  0%| F|  |TS  0|AC  0|TAMS 0x00000006c5100000, 0x00000006c5100000|
|  74|0x00000006c5200000, 0x00000006c5200000, 0x00000006c5300000|  0%| F|  |TS  0|AC  0|TAMS 0x00000006c5200000, 0x00000006c5200000|
|  75|0x00000006c5300000, 0x00000006c5300000, 0x00000006c5400000|  0%| F|  |TS  0|AC  0|TAMS 0x00000006c5300000, 0x00000006c5300000|
|  76|0x00000006c5400000, 0x00000006c5400000, 0x00000006c5500000|  0%| F|  |TS  0|AC  0|TAMS 0x00000006c5400000, 0x00000006c5400000|
|  77|0x00000006c5500000, 0x00000006c5500000, 0x00000006c5600000|  0%| F|  |TS  0|AC  0|TAMS 0x00000006c5500000, 0x00000006c5500000|
|  78|0x00000006c5600000, 0x00000006c5600000, 0x00000006c5700000|  0%| F|  |TS  0|AC  0|TAMS 0x00000006c5600000, 0x00000006c5600000|
|  79|0x00000006c5700000, 0x00000006c5700000, 0x00000006c5800000|  0%| F|  |TS  0|AC  0|TAMS 0x00000006c5700000, 0x00000006c5700000|
|  80|0x00000006c5800000, 0x00000006c5800000, 0x00000006c5900000|  0%| F|  |TS  0|AC  0|TAMS 0x00000006c5800000, 0x00000006c5800000|
|  81|0x00000006c5900000, 0x00000006c5900000, 0x00000006c5a00000|  0%| F|  |TS  0|AC  0|TAMS 0x00000006c5900000, 0x00000006c5900000|
|  82|0x00000006c5a00000, 0x00000006c5a00000, 0x00000006c5b00000|  0%| F|  |TS  0|AC  0|TAMS 0x00000006c5a00000, 0x00000006c5a00000|
|  83|0x00000006c5b00000, 0x00000006c5b00000, 0x00000006c5c00000|  0%| F|  |TS  0|AC  0|TAMS 0x00000006c5b00000, 0x00000006c5b00000|
|  84|0x00000006c5c00000, 0x00000006c5c00000, 0x00000006c5d00000|  0%| F|  |TS  0|AC  0|TAMS 0x00000006c5c00000, 0x00000006c5c00000|
|  85|0x00000006c5d00000, 0x00000006c5d00000, 0x00000006c5e00000|  0%| F|  |TS  0|AC  0|TAMS 0x00000006c5d00000, 0x00000006c5d00000|
|  86|0x00000006c5e00000, 0x00000006c5e00000, 0x00000006c5f00000|  0%| F|  |TS  0|AC  0|TAMS 0x00000006c5e00000, 0x00000006c5e00000|
|  87|0x00000006c5f00000, 0x00000006c5f00000, 0x00000006c6000000|  0%| F|  |TS  0|AC  0|TAMS 0x00000006c5f00000, 0x00000006c5f00000|
|  88|0x00000006c6000000, 0x00000006c6000000, 0x00000006c6100000|  0%| F|  |TS  0|AC  0|TAMS 0x00000006c6000000, 0x00000006c6000000|
|  89|0x00000006c6100000, 0x00000006c6100000, 0x00000006c6200000|  0%| F|  |TS  0|AC  0|TAMS 0x00000006c6100000, 0x00000006c6100000|
|  90|0x00000006c6200000, 0x00000006c6200000, 0x00000006c6300000|  0%| F|  |TS  0|AC  0|TAMS 0x00000006c6200000, 0x00000006c6200000|
|  91|0x00000006c6300000, 0x00000006c6300000, 0x00000006c6400000|  0%| F|  |TS  0|AC  0|TAMS 0x00000006c6300000, 0x00000006c6300000|
|  92|0x00000006c6400000, 0x00000006c6400000, 0x00000006c6500000|  0%| F|  |TS  0|AC  0|TAMS 0x00000006c6400000, 0x00000006c6400000|
|  93|0x00000006c6500000, 0x00000006c6500000, 0x00000006c6600000|  0%| F|  |TS  0|AC  0|TAMS 0x00000006c6500000, 0x00000006c6500000|
|  94|0x00000006c6600000, 0x00000006c6600000, 0x00000006c6700000|  0%| F|  |TS  0|AC  0|TAMS 0x00000006c6600000, 0x00000006c6600000|
|  95|0x00000006c6700000, 0x00000006c6700000, 0x00000006c6800000|  0%| F|  |TS  0|AC  0|TAMS 0x00000006c6700000, 0x00000006c6700000|
|  96|0x00000006c6800000, 0x00000006c6800000, 0x00000006c6900000|  0%| F|  |TS  0|AC  0|TAMS 0x00000006c6800000, 0x00000006c6800000|
|  97|0x00000006c6900000, 0x00000006c6900000, 0x00000006c6a00000|  0%| F|  |TS  0|AC  0|TAMS 0x00000006c6900000, 0x00000006c6900000|
|  98|0x00000006c6a00000, 0x00000006c6a00000, 0x00000006c6b00000|  0%| F|  |TS  0|AC  0|TAMS 0x00000006c6a00000, 0x00000006c6a00000|
|  99|0x00000006c6b00000, 0x00000006c6b00000, 0x00000006c6c00000|  0%| F|  |TS  0|AC  0|TAMS 0x00000006c6b00000, 0x00000006c6b00000|
| 100|0x00000006c6c00000, 0x00000006c6c00000, 0x00000006c6d00000|  0%| F|  |TS  0|AC  0|TAMS 0x00000006c6c00000, 0x00000006c6c00000|
| 101|0x00000006c6d00000, 0x00000006c6d00000, 0x00000006c6e00000|  0%| F|  |TS  0|AC  0|TAMS 0x00000006c6d00000, 0x00000006c6d00000|
| 102|0x00000006c6e00000, 0x00000006c6e00000, 0x00000006c6f00000|  0%| F|  |TS  0|AC  0|TAMS 0x00000006c6e00000, 0x00000006c6e00000|
| 103|0x00000006c6f00000, 0x00000006c6f00000, 0x00000006c7000000|  0%| F|  |TS  0|AC  0|TAMS 0x00000006c6f00000, 0x00000006c6f00000|
| 104|0x00000006c7000000, 0x00000006c7000000, 0x00000006c7100000|  0%| F|  |TS  0|AC  0|TAMS 0x00000006c7000000, 0x00000006c7000000|
| 105|0x00000006c7100000, 0x00000006c7100000, 0x00000006c7200000|  0%| F|  |TS  0|AC  0|TAMS 0x00000006c7100000, 0x00000006c7100000|
| 106|0x00000006c7200000, 0x00000006c7200000, 0x00000006c7300000|  0%| F|  |TS  0|AC  0|TAMS 0x00000006c7200000, 0x00000006c7200000|
| 107|0x00000006c7300000, 0x00000006c7300000, 0x00000006c7400000|  0%| F|  |TS  0|AC  0|TAMS 0x00000006c7300000, 0x00000006c7300000|
| 108|0x00000006c7400000, 0x00000006c7400000, 0x00000006c7500000|  0%| F|  |TS  0|AC  0|TAMS 0x00000006c7400000, 0x00000006c7400000|
| 109|0x00000006c7500000, 0x00000006c7500000, 0x00000006c7600000|  0%| F|  |TS  0|AC  0|TAMS 0x00000006c7500000, 0x00000006c7500000|
| 110|0x00000006c7600000, 0x00000006c7600000, 0x00000006c7700000|  0%| F|  |TS  0|AC  0|TAMS 0x00000006c7600000, 0x00000006c7600000|
| 111|0x00000006c7700000, 0x00000006c7700000, 0x00000006c7800000|  0%| F|  |TS  0|AC  0|TAMS 0x00000006c7700000, 0x00000006c7700000|
| 112|0x00000006c7800000, 0x00000006c7800000, 0x00000006c7900000|  0%| F|  |TS  0|AC  0|TAMS 0x00000006c7800000, 0x00000006c7800000|
| 113|0x00000006c7900000, 0x00000006c7900000, 0x00000006c7a00000|  0%| F|  |TS  0|AC  0|TAMS 0x00000006c7900000, 0x00000006c7900000|
| 114|0x00000006c7a00000, 0x00000006c7a00000, 0x00000006c7b00000|  0%| F|  |TS  0|AC  0|TAMS 0x00000006c7a00000, 0x00000006c7a00000|
| 115|0x00000006c7b00000, 0x00000006c7b00000, 0x00000006c7c00000|  0%| F|  |TS  0|AC  0|TAMS 0x00000006c7b00000, 0x00000006c7b00000|
| 116|0x00000006c7c00000, 0x00000006c7c00000, 0x00000006c7d00000|  0%| F|  |TS  0|AC  0|TAMS 0x00000006c7c00000, 0x00000006c7c00000|
| 117|0x00000006c7d00000, 0x00000006c7d00000, 0x00000006c7e00000|  0%| F|  |TS  0|AC  0|TAMS 0x00000006c7d00000, 0x00000006c7d00000|
| 118|0x00000006c7e00000, 0x00000006c7e00000, 0x00000006c7f00000|  0%| F|  |TS  0|AC  0|TAMS 0x00000006c7e00000, 0x00000006c7e00000|
| 119|0x00000006c7f00000, 0x00000006c7f00000, 0x00000006c8000000|  0%| F|  |TS  0|AC  0|TAMS 0x00000006c7f00000, 0x00000006c7f00000|
| 120|0x00000006c8000000, 0x00000006c8000000, 0x00000006c8100000|  0%| F|  |TS  0|AC  0|TAMS 0x00000006c8000000, 0x00000006c8000000|
| 121|0x00000006c8100000, 0x00000006c8100000, 0x00000006c8200000|  0%| F|  |TS  0|AC  0|TAMS 0x00000006c8100000, 0x00000006c8100000|
| 122|0x00000006c8200000, 0x00000006c8200000, 0x00000006c8300000|  0%| F|  |TS  0|AC  0|TAMS 0x00000006c8200000, 0x00000006c8200000|
| 123|0x00000006c8300000, 0x00000006c8300000, 0x00000006c8400000|  0%| F|  |TS  0|AC  0|TAMS 0x00000006c8300000, 0x00000006c8300000|
| 124|0x00000006c8400000, 0x00000006c8400000, 0x00000006c8500000|  0%| F|  |TS  0|AC  0|TAMS 0x00000006c8400000, 0x00000006c8400000|
| 125|0x00000006c8500000, 0x00000006c8500000, 0x00000006c8600000|  0%| F|  |TS  0|AC  0|TAMS 0x00000006c8500000, 0x00000006c8500000|
| 126|0x00000006c8600000, 0x00000006c8600000, 0x00000006c8700000|  0%| F|  |TS  0|AC  0|TAMS 0x00000006c8600000, 0x00000006c8600000|
| 127|0x00000006c8700000, 0x00000006c8700000, 0x00000006c8800000|  0%| F|  |TS  0|AC  0|TAMS 0x00000006c8700000, 0x00000006c8700000|
| 128|0x00000006c8800000, 0x00000006c8800000, 0x00000006c8900000|  0%| F|  |TS  0|AC  0|TAMS 0x00000006c8800000, 0x00000006c8800000|
| 129|0x00000006c8900000, 0x00000006c8900000, 0x00000006c8a00000|  0%| F|  |TS  0|AC  0|TAMS 0x00000006c8900000, 0x00000006c8900000|
| 130|0x00000006c8a00000, 0x00000006c8a00000, 0x00000006c8b00000|  0%| F|  |TS  0|AC  0|TAMS 0x00000006c8a00000, 0x00000006c8a00000|
| 131|0x00000006c8b00000, 0x00000006c8b00000, 0x00000006c8c00000|  0%| F|  |TS  0|AC  0|TAMS 0x00000006c8b00000, 0x00000006c8b00000|
| 132|0x00000006c8c00000, 0x00000006c8c00000, 0x00000006c8d00000|  0%| F|  |TS  0|AC  0|TAMS 0x00000006c8c00000, 0x00000006c8c00000|
| 133|0x00000006c8d00000, 0x00000006c8d00000, 0x00000006c8e00000|  0%| F|  |TS  0|AC  0|TAMS 0x00000006c8d00000, 0x00000006c8d00000|
| 134|0x00000006c8e00000, 0x00000006c8e00000, 0x00000006c8f00000|  0%| F|  |TS  0|AC  0|TAMS 0x00000006c8e00000, 0x00000006c8e00000|
| 135|0x00000006c8f00000, 0x00000006c8f00000, 0x00000006c9000000|  0%| F|  |TS  0|AC  0|TAMS 0x00000006c8f00000, 0x00000006c8f00000|
| 136|0x00000006c9000000, 0x00000006c9000000, 0x00000006c9100000|  0%| F|  |TS  0|AC  0|TAMS 0x00000006c9000000, 0x00000006c9000000|
| 137|0x00000006c9100000, 0x00000006c9100000, 0x00000006c9200000|  0%| F|  |TS  0|AC  0|TAMS 0x00000006c9100000, 0x00000006c9100000|
| 138|0x00000006c9200000, 0x00000006c9200000, 0x00000006c9300000|  0%| F|  |TS  0|AC  0|TAMS 0x00000006c9200000, 0x00000006c9200000|
| 139|0x00000006c9300000, 0x00000006c9300000, 0x00000006c9400000|  0%| F|  |TS  0|AC  0|TAMS 0x00000006c9300000, 0x00000006c9300000|
| 140|0x00000006c9400000, 0x00000006c9400000, 0x00000006c9500000|  0%| F|  |TS  0|AC  0|TAMS 0x00000006c9400000, 0x00000006c9400000|
| 141|0x00000006c9500000, 0x00000006c9500000, 0x00000006c9600000|  0%| F|  |TS  0|AC  0|TAMS 0x00000006c9500000, 0x00000006c9500000|
| 142|0x00000006c9600000, 0x00000006c9600000, 0x00000006c9700000|  0%| F|  |TS  0|AC  0|TAMS 0x00000006c9600000, 0x00000006c9600000|
| 143|0x00000006c9700000, 0x00000006c9700000, 0x00000006c9800000|  0%| F|  |TS  0|AC  0|TAMS 0x00000006c9700000, 0x00000006c9700000|
| 144|0x00000006c9800000, 0x00000006c9800000, 0x00000006c9900000|  0%| F|  |TS  0|AC  0|TAMS 0x00000006c9800000, 0x00000006c9800000|
| 145|0x00000006c9900000, 0x00000006c9900000, 0x00000006c9a00000|  0%| F|  |TS  0|AC  0|TAMS 0x00000006c9900000, 0x00000006c9900000|
| 146|0x00000006c9a00000, 0x00000006c9a00000, 0x00000006c9b00000|  0%| F|  |TS  0|AC  0|TAMS 0x00000006c9a00000, 0x00000006c9a00000|
| 147|0x00000006c9b00000, 0x00000006c9b00000, 0x00000006c9c00000|  0%| F|  |TS  0|AC  0|TAMS 0x00000006c9b00000, 0x00000006c9b00000|
| 148|0x00000006c9c00000, 0x00000006c9c00000, 0x00000006c9d00000|  0%| F|  |TS  0|AC  0|TAMS 0x00000006c9c00000, 0x00000006c9c00000|
| 149|0x00000006c9d00000, 0x00000006c9d00000, 0x00000006c9e00000|  0%| F|  |TS  0|AC  0|TAMS 0x00000006c9d00000, 0x00000006c9d00000|
| 150|0x00000006c9e00000, 0x00000006c9e00000, 0x00000006c9f00000|  0%| F|  |TS  0|AC  0|TAMS 0x00000006c9e00000, 0x00000006c9e00000|
| 151|0x00000006c9f00000, 0x00000006c9f00000, 0x00000006ca000000|  0%| F|  |TS  0|AC  0|TAMS 0x00000006c9f00000, 0x00000006c9f00000|
| 152|0x00000006ca000000, 0x00000006ca000000, 0x00000006ca100000|  0%| F|  |TS  0|AC  0|TAMS 0x00000006ca000000, 0x00000006ca000000|
| 153|0x00000006ca100000, 0x00000006ca100000, 0x00000006ca200000|  0%| F|  |TS  0|AC  0|TAMS 0x00000006ca100000, 0x00000006ca100000|
| 154|0x00000006ca200000, 0x00000006ca200000, 0x00000006ca300000|  0%| F|  |TS  0|AC  0|TAMS 0x00000006ca200000, 0x00000006ca200000|
| 155|0x00000006ca300000, 0x00000006ca300000, 0x00000006ca400000|  0%| F|  |TS  0|AC  0|TAMS 0x00000006ca300000, 0x00000006ca300000|
| 156|0x00000006ca400000, 0x00000006ca400000, 0x00000006ca500000|  0%| F|  |TS  0|AC  0|TAMS 0x00000006ca400000, 0x00000006ca400000|
| 157|0x00000006ca500000, 0x00000006ca500000, 0x00000006ca600000|  0%| F|  |TS  0|AC  0|TAMS 0x00000006ca500000, 0x00000006ca500000|
| 158|0x00000006ca600000, 0x00000006ca600000, 0x00000006ca700000|  0%| F|  |TS  0|AC  0|TAMS 0x00000006ca600000, 0x00000006ca600000|
| 159|0x00000006ca700000, 0x00000006ca700000, 0x00000006ca800000|  0%| F|  |TS  0|AC  0|TAMS 0x00000006ca700000, 0x00000006ca700000|
| 160|0x00000006ca800000, 0x00000006ca800000, 0x00000006ca900000|  0%| F|  |TS  0|AC  0|TAMS 0x00000006ca800000, 0x00000006ca800000|
| 161|0x00000006ca900000, 0x00000006ca900000, 0x00000006caa00000|  0%| F|  |TS  0|AC  0|TAMS 0x00000006ca900000, 0x00000006ca900000|
| 162|0x00000006caa00000, 0x00000006caa00000, 0x00000006cab00000|  0%| F|  |TS  0|AC  0|TAMS 0x00000006caa00000, 0x00000006caa00000|
| 163|0x00000006cab00000, 0x00000006cab00000, 0x00000006cac00000|  0%| F|  |TS  0|AC  0|TAMS 0x00000006cab00000, 0x00000006cab00000|
| 164|0x00000006cac00000, 0x00000006cac00000, 0x00000006cad00000|  0%| F|  |TS  0|AC  0|TAMS 0x00000006cac00000, 0x00000006cac00000|
| 165|0x00000006cad00000, 0x00000006cad00000, 0x00000006cae00000|  0%| F|  |TS  0|AC  0|TAMS 0x00000006cad00000, 0x00000006cad00000|
| 166|0x00000006cae00000, 0x00000006cae00000, 0x00000006caf00000|  0%| F|  |TS  0|AC  0|TAMS 0x00000006cae00000, 0x00000006cae00000|
| 167|0x00000006caf00000, 0x00000006caf00000, 0x00000006cb000000|  0%| F|  |TS  0|AC  0|TAMS 0x00000006caf00000, 0x00000006caf00000|
| 168|0x00000006cb000000, 0x00000006cb000000, 0x00000006cb100000|  0%| F|  |TS  0|AC  0|TAMS 0x00000006cb000000, 0x00000006cb000000|
| 169|0x00000006cb100000, 0x00000006cb100000, 0x00000006cb200000|  0%| F|  |TS  0|AC  0|TAMS 0x00000006cb100000, 0x00000006cb100000|
| 170|0x00000006cb200000, 0x00000006cb200000, 0x00000006cb300000|  0%| F|  |TS  0|AC  0|TAMS 0x00000006cb200000, 0x00000006cb200000|
| 171|0x00000006cb300000, 0x00000006cb300000, 0x00000006cb400000|  0%| F|  |TS  0|AC  0|TAMS 0x00000006cb300000, 0x00000006cb300000|
| 172|0x00000006cb400000, 0x00000006cb400000, 0x00000006cb500000|  0%| F|  |TS  0|AC  0|TAMS 0x00000006cb400000, 0x00000006cb400000|
| 173|0x00000006cb500000, 0x00000006cb500000, 0x00000006cb600000|  0%| F|  |TS  0|AC  0|TAMS 0x00000006cb500000, 0x00000006cb500000|
| 174|0x00000006cb600000, 0x00000006cb600000, 0x00000006cb700000|  0%| F|  |TS  0|AC  0|TAMS 0x00000006cb600000, 0x00000006cb600000|
| 175|0x00000006cb700000, 0x00000006cb700000, 0x00000006cb800000|  0%| F|  |TS  0|AC  0|TAMS 0x00000006cb700000, 0x00000006cb700000|
| 176|0x00000006cb800000, 0x00000006cb800000, 0x00000006cb900000|  0%| F|  |TS  0|AC  0|TAMS 0x00000006cb800000, 0x00000006cb800000|
| 177|0x00000006cb900000, 0x00000006cb900000, 0x00000006cba00000|  0%| F|  |TS  0|AC  0|TAMS 0x00000006cb900000, 0x00000006cb900000|
| 178|0x00000006cba00000, 0x00000006cba00000, 0x00000006cbb00000|  0%| F|  |TS  0|AC  0|TAMS 0x00000006cba00000, 0x00000006cba00000|
| 179|0x00000006cbb00000, 0x00000006cbb00000, 0x00000006cbc00000|  0%| F|  |TS  0|AC  0|TAMS 0x00000006cbb00000, 0x00000006cbb00000|
| 180|0x00000006cbc00000, 0x00000006cbc00000, 0x00000006cbd00000|  0%| F|  |TS  0|AC  0|TAMS 0x00000006cbc00000, 0x00000006cbc00000|
| 181|0x00000006cbd00000, 0x00000006cbd00000, 0x00000006cbe00000|  0%| F|  |TS  0|AC  0|TAMS 0x00000006cbd00000, 0x00000006cbd00000|
| 182|0x00000006cbe00000, 0x00000006cbe00000, 0x00000006cbf00000|  0%| F|  |TS  0|AC  0|TAMS 0x00000006cbe00000, 0x00000006cbe00000|
| 183|0x00000006cbf00000, 0x00000006cbf00000, 0x00000006cc000000|  0%| F|  |TS  0|AC  0|TAMS 0x00000006cbf00000, 0x00000006cbf00000|
| 184|0x00000006cc000000, 0x00000006cc000000, 0x00000006cc100000|  0%| F|  |TS  0|AC  0|TAMS 0x00000006cc000000, 0x00000006cc000000|
| 185|0x00000006cc100000, 0x00000006cc100000, 0x00000006cc200000|  0%| F|  |TS  0|AC  0|TAMS 0x00000006cc100000, 0x00000006cc100000|
| 186|0x00000006cc200000, 0x00000006cc200000, 0x00000006cc300000|  0%| F|  |TS  0|AC  0|TAMS 0x00000006cc200000, 0x00000006cc200000|
| 187|0x00000006cc300000, 0x00000006cc300000, 0x00000006cc400000|  0%| F|  |TS  0|AC  0|TAMS 0x00000006cc300000, 0x00000006cc300000|
| 188|0x00000006cc400000, 0x00000006cc400000, 0x00000006cc500000|  0%| F|  |TS  0|AC  0|TAMS 0x00000006cc400000, 0x00000006cc400000|
| 189|0x00000006cc500000, 0x00000006cc500000, 0x00000006cc600000|  0%| F|  |TS  0|AC  0|TAMS 0x00000006cc500000, 0x00000006cc500000|
| 190|0x00000006cc600000, 0x00000006cc600000, 0x00000006cc700000|  0%| F|  |TS  0|AC  0|TAMS 0x00000006cc600000, 0x00000006cc600000|
| 191|0x00000006cc700000, 0x00000006cc700000, 0x00000006cc800000|  0%| F|  |TS  0|AC  0|TAMS 0x00000006cc700000, 0x00000006cc700000|
| 192|0x00000006cc800000, 0x00000006cc800000, 0x00000006cc900000|  0%| F|  |TS  0|AC  0|TAMS 0x00000006cc800000, 0x00000006cc800000|
| 193|0x00000006cc900000, 0x00000006cc900000, 0x00000006cca00000|  0%| F|  |TS  0|AC  0|TAMS 0x00000006cc900000, 0x00000006cc900000|
| 194|0x00000006cca00000, 0x00000006cca00000, 0x00000006ccb00000|  0%| F|  |TS  0|AC  0|TAMS 0x00000006cca00000, 0x00000006cca00000|
| 195|0x00000006ccb00000, 0x00000006ccb00000, 0x00000006ccc00000|  0%| F|  |TS  0|AC  0|TAMS 0x00000006ccb00000, 0x00000006ccb00000|
| 196|0x00000006ccc00000, 0x00000006ccc00000, 0x00000006ccd00000|  0%| F|  |TS  0|AC  0|TAMS 0x00000006ccc00000, 0x00000006ccc00000|
| 197|0x00000006ccd00000, 0x00000006ccd00000, 0x00000006cce00000|  0%| F|  |TS  0|AC  0|TAMS 0x00000006ccd00000, 0x00000006ccd00000|
| 198|0x00000006cce00000, 0x00000006cce00000, 0x00000006ccf00000|  0%| F|  |TS  0|AC  0|TAMS 0x00000006cce00000, 0x00000006cce00000|
| 199|0x00000006ccf00000, 0x00000006ccf00000, 0x00000006cd000000|  0%| F|  |TS  0|AC  0|TAMS 0x00000006ccf00000, 0x00000006ccf00000|
| 200|0x00000006cd000000, 0x00000006cd000000, 0x00000006cd100000|  0%| F|  |TS  0|AC  0|TAMS 0x00000006cd000000, 0x00000006cd000000|
| 201|0x00000006cd100000, 0x00000006cd100000, 0x00000006cd200000|  0%| F|  |TS  0|AC  0|TAMS 0x00000006cd100000, 0x00000006cd100000|
| 202|0x00000006cd200000, 0x00000006cd200000, 0x00000006cd300000|  0%| F|  |TS  0|AC  0|TAMS 0x00000006cd200000, 0x00000006cd200000|
| 203|0x00000006cd300000, 0x00000006cd300000, 0x00000006cd400000|  0%| F|  |TS  0|AC  0|TAMS 0x00000006cd300000, 0x00000006cd300000|
| 204|0x00000006cd400000, 0x00000006cd400000, 0x00000006cd500000|  0%| F|  |TS  0|AC  0|TAMS 0x00000006cd400000, 0x00000006cd400000|
| 205|0x00000006cd500000, 0x00000006cd500000, 0x00000006cd600000|  0%| F|  |TS  0|AC  0|TAMS 0x00000006cd500000, 0x00000006cd500000|
| 206|0x00000006cd600000, 0x00000006cd600000, 0x00000006cd700000|  0%| F|  |TS  0|AC  0|TAMS 0x00000006cd600000, 0x00000006cd600000|
| 207|0x00000006cd700000, 0x00000006cd700000, 0x00000006cd800000|  0%| F|  |TS  0|AC  0|TAMS 0x00000006cd700000, 0x00000006cd700000|
| 208|0x00000006cd800000, 0x00000006cd800000, 0x00000006cd900000|  0%| F|  |TS  0|AC  0|TAMS 0x00000006cd800000, 0x00000006cd800000|
| 209|0x00000006cd900000, 0x00000006cd900000, 0x00000006cda00000|  0%| F|  |TS  0|AC  0|TAMS 0x00000006cd900000, 0x00000006cd900000|
| 210|0x00000006cda00000, 0x00000006cda00000, 0x00000006cdb00000|  0%| F|  |TS  0|AC  0|TAMS 0x00000006cda00000, 0x00000006cda00000|
| 211|0x00000006cdb00000, 0x00000006cdb00000, 0x00000006cdc00000|  0%| F|  |TS  0|AC  0|TAMS 0x00000006cdb00000, 0x00000006cdb00000|
| 212|0x00000006cdc00000, 0x00000006cdc00000, 0x00000006cdd00000|  0%| F|  |TS  0|AC  0|TAMS 0x00000006cdc00000, 0x00000006cdc00000|
| 213|0x00000006cdd00000, 0x00000006cdd00000, 0x00000006cde00000|  0%| F|  |TS  0|AC  0|TAMS 0x00000006cdd00000, 0x00000006cdd00000|
| 214|0x00000006cde00000, 0x00000006cde00000, 0x00000006cdf00000|  0%| F|  |TS  0|AC  0|TAMS 0x00000006cde00000, 0x00000006cde00000|
| 215|0x00000006cdf00000, 0x00000006cdf00000, 0x00000006ce000000|  0%| F|  |TS  0|AC  0|TAMS 0x00000006cdf00000, 0x00000006cdf00000|
| 216|0x00000006ce000000, 0x00000006ce000000, 0x00000006ce100000|  0%| F|  |TS  0|AC  0|TAMS 0x00000006ce000000, 0x00000006ce000000|
| 217|0x00000006ce100000, 0x00000006ce100000, 0x00000006ce200000|  0%| F|  |TS  0|AC  0|TAMS 0x00000006ce100000, 0x00000006ce100000|
| 218|0x00000006ce200000, 0x00000006ce200000, 0x00000006ce300000|  0%| F|  |TS  0|AC  0|TAMS 0x00000006ce200000, 0x00000006ce200000|
| 219|0x00000006ce300000, 0x00000006ce300000, 0x00000006ce400000|  0%| F|  |TS  0|AC  0|TAMS 0x00000006ce300000, 0x00000006ce300000|
| 220|0x00000006ce400000, 0x00000006ce400000, 0x00000006ce500000|  0%| F|  |TS  0|AC  0|TAMS 0x00000006ce400000, 0x00000006ce400000|
| 221|0x00000006ce500000, 0x00000006ce500000, 0x00000006ce600000|  0%| F|  |TS  0|AC  0|TAMS 0x00000006ce500000, 0x00000006ce500000|
| 222|0x00000006ce600000, 0x00000006ce600000, 0x00000006ce700000|  0%| F|  |TS  0|AC  0|TAMS 0x00000006ce600000, 0x00000006ce600000|
| 223|0x00000006ce700000, 0x00000006ce700000, 0x00000006ce800000|  0%| F|  |TS  0|AC  0|TAMS 0x00000006ce700000, 0x00000006ce700000|
| 224|0x00000006ce800000, 0x00000006ce800000, 0x00000006ce900000|  0%| F|  |TS  0|AC  0|TAMS 0x00000006ce800000, 0x00000006ce800000|
| 225|0x00000006ce900000, 0x00000006ce900000, 0x00000006cea00000|  0%| F|  |TS  0|AC  0|TAMS 0x00000006ce900000, 0x00000006ce900000|
| 226|0x00000006cea00000, 0x00000006cea00000, 0x00000006ceb00000|  0%| F|  |TS  0|AC  0|TAMS 0x00000006cea00000, 0x00000006cea00000|
| 227|0x00000006ceb00000, 0x00000006ceb00000, 0x00000006cec00000|  0%| F|  |TS  0|AC  0|TAMS 0x00000006ceb00000, 0x00000006ceb00000|
| 228|0x00000006cec00000, 0x00000006cec00000, 0x00000006ced00000|  0%| F|  |TS  0|AC  0|TAMS 0x00000006cec00000, 0x00000006cec00000|
| 229|0x00000006ced00000, 0x00000006ced00000, 0x00000006cee00000|  0%| F|  |TS  0|AC  0|TAMS 0x00000006ced00000, 0x00000006ced00000|
| 230|0x00000006cee00000, 0x00000006cee00000, 0x00000006cef00000|  0%| F|  |TS  0|AC  0|TAMS 0x00000006cee00000, 0x00000006cee00000|
| 231|0x00000006cef00000, 0x00000006cef00000, 0x00000006cf000000|  0%| F|  |TS  0|AC  0|TAMS 0x00000006cef00000, 0x00000006cef00000|
| 232|0x00000006cf000000, 0x00000006cf000000, 0x00000006cf100000|  0%| F|  |TS  0|AC  0|TAMS 0x00000006cf000000, 0x00000006cf000000|
| 233|0x00000006cf100000, 0x00000006cf100000, 0x00000006cf200000|  0%| F|  |TS  0|AC  0|TAMS 0x00000006cf100000, 0x00000006cf100000|
| 234|0x00000006cf200000, 0x00000006cf200000, 0x00000006cf300000|  0%| F|  |TS  0|AC  0|TAMS 0x00000006cf200000, 0x00000006cf200000|
| 235|0x00000006cf300000, 0x00000006cf300000, 0x00000006cf400000|  0%| F|  |TS  0|AC  0|TAMS 0x00000006cf300000, 0x00000006cf300000|
| 236|0x00000006cf400000, 0x00000006cf400000, 0x00000006cf500000|  0%| F|  |TS  0|AC  0|TAMS 0x00000006cf400000, 0x00000006cf400000|
| 237|0x00000006cf500000, 0x00000006cf580800, 0x00000006cf600000| 50%| E|  |TS  0|AC  0|TAMS 0x00000006cf500000, 0x00000006cf500000|
| 238|0x00000006cf600000, 0x00000006cf700000, 0x00000006cf700000|100%| E|CS|TS  0|AC  0|TAMS 0x00000006cf600000, 0x00000006cf600000|
| 239|0x00000006cf700000, 0x00000006cf800000, 0x00000006cf800000|100%| E|CS|TS  0|AC  0|TAMS 0x00000006cf700000, 0x00000006cf700000|
| 240|0x00000006cf800000, 0x00000006cf900000, 0x00000006cf900000|100%| S|CS|TS  1|AC  0|TAMS 0x00000006cf800000, 0x00000006cf800000|
| 241|0x00000006cf900000, 0x00000006cfa00000, 0x00000006cfa00000|100%| S|CS|TS  1|AC  0|TAMS 0x00000006cf900000, 0x00000006cf900000|
| 242|0x00000006cfa00000, 0x00000006cfb00000, 0x00000006cfb00000|100%| E|CS|TS  1|AC  0|TAMS 0x00000006cfa00000, 0x00000006cfa00000|
| 243|0x00000006cfb00000, 0x00000006cfc00000, 0x00000006cfc00000|100%| E|CS|TS  1|AC  0|TAMS 0x00000006cfb00000, 0x00000006cfb00000|
| 244|0x00000006cfc00000, 0x00000006cfd00000, 0x00000006cfd00000|100%| E|CS|TS  1|AC  0|TAMS 0x00000006cfc00000, 0x00000006cfc00000|
| 245|0x00000006cfd00000, 0x00000006cfe00000, 0x00000006cfe00000|100%| E|CS|TS  1|AC  0|TAMS 0x00000006cfd00000, 0x00000006cfd00000|
| 246|0x00000006cfe00000, 0x00000006cff00000, 0x00000006cff00000|100%| E|CS|TS  1|AC  0|TAMS 0x00000006cfe00000, 0x00000006cfe00000|
| 247|0x00000006cff00000, 0x00000006d0000000, 0x00000006d0000000|100%| E|CS|TS  1|AC  0|TAMS 0x00000006cff00000, 0x00000006cff00000|
| 248|0x00000006d0000000, 0x00000006d0100000, 0x00000006d0100000|100%| E|CS|TS  1|AC  0|TAMS 0x00000006d0000000, 0x00000006d0000000|
| 249|0x00000006d0100000, 0x00000006d0200000, 0x00000006d0200000|100%| E|CS|TS  1|AC  0|TAMS 0x00000006d0100000, 0x00000006d0100000|
| 250|0x00000006d0200000, 0x00000006d0300000, 0x00000006d0300000|100%| E|CS|TS  1|AC  0|TAMS 0x00000006d0200000, 0x00000006d0200000|
| 251|0x00000006d0300000, 0x00000006d0400000, 0x00000006d0400000|100%| E|CS|TS  1|AC  0|TAMS 0x00000006d0300000, 0x00000006d0300000|
| 252|0x00000006d0400000, 0x00000006d0500000, 0x00000006d0500000|100%| E|CS|TS  1|AC  0|TAMS 0x00000006d0400000, 0x00000006d0400000|
| 253|0x00000006d0500000, 0x00000006d0600000, 0x00000006d0600000|100%| E|CS|TS  1|AC  0|TAMS 0x00000006d0500000, 0x00000006d0500000|
| 254|0x00000006d0600000, 0x00000006d0700000, 0x00000006d0700000|100%| E|CS|TS  1|AC  0|TAMS 0x00000006d0600000, 0x00000006d0600000|
| 255|0x00000006d0700000, 0x00000006d0800000, 0x00000006d0800000|100%| E|CS|TS  1|AC  0|TAMS 0x00000006d0700000, 0x00000006d0700000|

Card table byte_map: [0x000001e940b00000,0x000001e941300000] byte_map_base: 0x000001e93d4fc000

Marking Bits (Prev, Next): (CMBitMap*) 0x000001e92446fa50, (CMBitMap*) 0x000001e92446fa88
 Prev Bits: [0x000001e941b00000, 0x000001e945ae0000)
 Next Bits: [0x000001e945ae0000, 0x000001e949ac0000)

Polling page: 0x000001e9244f0000

CodeHeap 'non-profiled nmethods': size=120064Kb used=632Kb max_used=632Kb free=119431Kb
 bounds [0x000001e937fa0000, 0x000001e938210000, 0x000001e93f4e0000]
CodeHeap 'profiled nmethods': size=120000Kb used=2947Kb max_used=2947Kb free=117052Kb
 bounds [0x000001e930a70000, 0x000001e930d60000, 0x000001e937fa0000]
CodeHeap 'non-nmethods': size=5696Kb used=1342Kb max_used=1360Kb free=4353Kb
 bounds [0x000001e9304e0000, 0x000001e930750000, 0x000001e930a70000]
 total_blobs=2368 nmethods=1512 adapters=473
 compilation: enabled

Compilation events (10 events):
Event: 31.253 Thread 0x000001e94c2f8000 1508       1       java.awt.event.MouseEvent::getX (5 bytes)
Event: 31.253 Thread 0x000001e94c2f8000 nmethod 1508 0x000001e93803cf90 code [0x000001e93803d140, 0x000001e93803d258]
Event: 31.253 Thread 0x000001e94c2f8000 1509       1       java.awt.event.MouseEvent::getY (5 bytes)
Event: 31.253 Thread 0x000001e94c2f8000 nmethod 1509 0x000001e93803d310 code [0x000001e93803d4c0, 0x000001e93803d5d8]
Event: 31.253 Thread 0x000001e94c2f8000 1510       1       java.awt.event.MouseEvent::getClickCount (5 bytes)
Event: 31.253 Thread 0x000001e94c2f8000 nmethod 1510 0x000001e93803d690 code [0x000001e93803d840, 0x000001e93803d958]
Event: 31.253 Thread 0x000001e94c2f8000 1511       1       java.awt.Event::isConsumed (5 bytes)
Event: 31.254 Thread 0x000001e94c2f8000 nmethod 1511 0x000001e93803da10 code [0x000001e93803dbc0, 0x000001e93803dcd8]
Event: 31.293 Thread 0x000001e94c2f8000 1512       1       java.awt.event.InputEvent::getModifiers (8 bytes)
Event: 31.293 Thread 0x000001e94c2f8000 nmethod 1512 0x000001e93803dd90 code [0x000001e93803df40, 0x000001e93803e058]

GC Heap History (2 events):
Event: 0.424 GC heap before
{Heap before GC invocations=0 (full 0):
 garbage-first heap   total 262144K, used 14336K [0x00000006c0800000, 0x00000006c0900800, 0x00000007c0000000)
  region size 1024K, 14 young (14336K), 0 survivors (0K)
 Metaspace       used 12105K, capacity 12914K, committed 13056K, reserved 1060864K
  class space    used 1263K, capacity 1419K, committed 1536K, reserved 1048576K
}
Event: 0.427 GC heap after
{Heap after GC invocations=1 (full 0):
 garbage-first heap   total 262144K, used 2229K [0x00000006c0800000, 0x00000006c0900800, 0x00000007c0000000)
  region size 1024K, 2 young (2048K), 2 survivors (2048K)
 Metaspace       used 12105K, capacity 12914K, committed 13056K, reserved 1060864K
  class space    used 1263K, capacity 1419K, committed 1536K, reserved 1048576K
}

Deoptimization events (10 events):
Event: 0.502 Thread 0x000001e94ce19000 Uncommon trap: reason=class_check action=maybe_recompile pc=0x000001e937fd7d9c method=java.util.HashMap.putVal(ILjava/lang/Object;Ljava/lang/Object;ZZ)Ljava/lang/Object; @ 253 c2
Event: 0.502 Thread 0x000001e94ce19000 Uncommon trap: reason=class_check action=maybe_recompile pc=0x000001e937fd7d9c method=java.util.HashMap.putVal(ILjava/lang/Object;Ljava/lang/Object;ZZ)Ljava/lang/Object; @ 253 c2
Event: 0.672 Thread 0x000001e94ce19000 Uncommon trap: reason=unstable_if action=reinterpret pc=0x000001e9380017bc method=dev.tilegame.Game.run()V @ 54 c2
Event: 1.198 Thread 0x000001e94d75d000 Uncommon trap: reason=bimorphic_or_optimized_type_check action=maybe_recompile pc=0x000001e937ff427c method=java.util.HashMap.getNode(ILjava/lang/Object;)Ljava/util/HashMap$Node; @ 126 c2
Event: 1.697 Thread 0x000001e94d75d000 Uncommon trap: reason=bimorphic_or_optimized_type_check action=maybe_recompile pc=0x000001e937ff427c method=java.util.HashMap.getNode(ILjava/lang/Object;)Ljava/util/HashMap$Node; @ 126 c2
Event: 1.697 Thread 0x000001e94d75d000 Uncommon trap: reason=bimorphic_or_optimized_type_check action=maybe_recompile pc=0x000001e937ff4264 method=java.util.HashMap.getNode(ILjava/lang/Object;)Ljava/util/HashMap$Node; @ 59 c2
Event: 1.697 Thread 0x000001e94d75d000 Uncommon trap: reason=bimorphic_or_optimized_type_check action=maybe_recompile pc=0x000001e937ff427c method=java.util.HashMap.getNode(ILjava/lang/Object;)Ljava/util/HashMap$Node; @ 126 c2
Event: 6.137 Thread 0x000001e94ce19000 Uncommon trap: reason=unstable_if action=reinterpret pc=0x000001e93802ade8 method=dev.tilegame.worlds.World.getTile(II)Ldev/tilegame/tiles/Tile; @ 5 c2
Event: 22.637 Thread 0x000001e94ce19000 Uncommon trap: reason=unstable_if action=reinterpret pc=0x000001e938030fe4 method=java.lang.Math.max(FF)F @ 17 c2
Event: 29.670 Thread 0x000001e94ce19000 Uncommon trap: reason=unstable_if action=reinterpret pc=0x000001e93801b6d8 method=java.awt.geom.AffineTransform.translate(DD)V @ 437 c2

Classes redefined (0 events):
No events

Internal exceptions (10 events):
Event: 0.334 Thread 0x000001e94ce19000 Exception <a 'java/lang/NoSuchMethodError'{0x00000006cfd53de0}: method resolution failed> (0x00000006cfd53de0) thrown at [c:/workspace/9-2-build-windows-amd64-cygwin-phase2/jdk9/6725/hotspot/src/share/vm/prims/methodHandles.cpp, line 1256]
Event: 0.354 Thread 0x000001e94ce19000 Exception <a 'java/lang/ClassNotFoundException'{0x00000006cfc21690}: com/sun/swing/internal/plaf/metal/resources/spi/metalProvider> (0x00000006cfc21690) thrown at [c:/workspace/9-2-build-windows-amd64-cygwin-phase2/jdk9/6725/hotspot/src/share/vm/classfile
Event: 0.355 Thread 0x000001e94ce19000 Exception <a 'java/lang/ClassNotFoundException'{0x00000006cfc28238}: com/sun/swing/internal/plaf/basic/resources/spi/basicProvider> (0x00000006cfc28238) thrown at [c:/workspace/9-2-build-windows-amd64-cygwin-phase2/jdk9/6725/hotspot/src/share/vm/classfile
Event: 0.423 Thread 0x000001e94ce19000 Exception <a 'java/lang/NoSuchMethodError'{0x00000006cfae7ef8}: java.lang.invoke.DirectMethodHandle$Holder.invokeStatic(Ljava/lang/Object;Ljava/lang/Object;Ljava/lang/Object;Ljava/lang/Object;Ljava/lang/Object;Ljava/lang/Object;Ljava/lang/Object;Ljava/lan
Event: 0.428 Thread 0x000001e94ce19000 Exception <a 'java/lang/NoSuchMethodError'{0x00000006d0707c50}: java.lang.invoke.DirectMethodHandle$Holder.invokeStatic(Ljava/lang/Object;Ljava/lang/Object;Ljava/lang/Object;Ljava/lang/Object;Ljava/lang/Object;Ljava/lang/Object;Ljava/lang/Object;Ljava/lan
Event: 0.430 Thread 0x000001e94ce19000 Exception <a 'java/lang/NoSuchMethodError'{0x00000006d0728310}: java.lang.invoke.DirectMethodHandle$Holder.invokeStatic(Ljava/lang/Object;Ljava/lang/Object;Ljava/lang/Object;Ljava/lang/Object;Ljava/lang/Object;Ljava/lang/Object;Ljava/lang/Object;Ljava/lan
Event: 0.504 Thread 0x000001e94ce19000 Exception <a 'java/lang/NoSuchMethodError'{0x00000006d04a3fe0}: java.lang.invoke.DirectMethodHandle$Holder.invokeStatic(Ljava/lang/Object;IIII)Ljava/lang/Object;> (0x00000006d04a3fe0) thrown at [c:/workspace/9-2-build-windows-amd64-cygwin-phase2/jdk9/6725
Event: 0.504 Thread 0x000001e94ce19000 Exception <a 'java/lang/NoSuchMethodError'{0x00000006d04a7230}: java.lang.invoke.DirectMethodHandle$Holder.invokeStaticInit(Ljava/lang/Object;IIII)Ljava/lang/Object;> (0x00000006d04a7230) thrown at [c:/workspace/9-2-build-windows-amd64-cygwin-phase2/jdk9/
Event: 0.630 Thread 0x000001e94ce19000 Exception <a 'java/lang/NoSuchMethodError'{0x00000006d03bc910}: java.lang.invoke.DirectMethodHandle$Holder.invokeStatic(Ljava/lang/Object;Ljava/lang/Object;IIII)Ljava/lang/Object;> (0x00000006d03bc910) thrown at [c:/workspace/9-2-build-windows-amd64-cygwi
Event: 0.630 Thread 0x000001e94ce19000 Exception <a 'java/lang/NoSuchMethodError'{0x00000006d03bfdc8}: java.lang.invoke.DirectMethodHandle$Holder.invokeStaticInit(Ljava/lang/Object;Ljava/lang/Object;IIII)Ljava/lang/Object;> (0x00000006d03bfdc8) thrown at [c:/workspace/9-2-build-windows-amd64-c

Events (10 events):
Event: 31.926 Thread 0x000001e9569a9800 Thread added: 0x000001e9569a9800
Event: 31.926 Thread 0x000001e94d628000 Thread added: 0x000001e94d628000
Event: 31.926 Thread 0x000001e956de1800 Thread added: 0x000001e956de1800
Event: 31.927 Thread 0x000001e9569a9800 Thread exited: 0x000001e9569a9800
Event: 31.927 Thread 0x000001e95762d000 Thread exited: 0x000001e95762d000
Event: 31.927 loading class java/util/WeakHashMap$KeyIterator
Event: 31.927 loading class java/util/WeakHashMap$HashIterator
Event: 31.927 loading class java/util/WeakHashMap$HashIterator done
Event: 31.927 loading class java/util/WeakHashMap$KeyIterator done
Event: 31.927 Thread 0x000001e956de1800 Thread exited: 0x000001e956de1800


Dynamic libraries:
0x00007ff71df60000 - 0x00007ff71df9e000 	C:\Program Files\Java\jdk-9\bin\java.exe
0x00007ffd654f0000 - 0x00007ffd656cb000 	C:\WINDOWS\SYSTEM32\ntdll.dll
0x00007ffd630c0000 - 0x00007ffd6316e000 	C:\WINDOWS\System32\KERNEL32.DLL
0x00007ffd62490000 - 0x00007ffd626d9000 	C:\WINDOWS\System32\KERNELBASE.dll
0x00007ffd652a0000 - 0x00007ffd65341000 	C:\WINDOWS\System32\ADVAPI32.dll
0x00007ffd63020000 - 0x00007ffd630bd000 	C:\WINDOWS\System32\msvcrt.dll
0x00007ffd64700000 - 0x00007ffd64759000 	C:\WINDOWS\System32\sechost.dll
0x00007ffd63170000 - 0x00007ffd63295000 	C:\WINDOWS\System32\RPCRT4.dll
0x00007ffd65150000 - 0x00007ffd6529a000 	C:\WINDOWS\System32\USER32.dll
0x00007ffd62400000 - 0x00007ffd6241e000 	C:\WINDOWS\System32\win32u.dll
0x00007ffd65000000 - 0x00007ffd65027000 	C:\WINDOWS\System32\GDI32.dll
0x00007ffd62270000 - 0x00007ffd623f8000 	C:\WINDOWS\System32\gdi32full.dll
0x00007ffd627e0000 - 0x00007ffd6287a000 	C:\WINDOWS\System32\msvcp_win.dll
0x00007ffd626e0000 - 0x00007ffd627d6000 	C:\WINDOWS\System32\ucrtbase.dll
0x00007ffd55d80000 - 0x00007ffd55fe7000 	C:\WINDOWS\WinSxS\amd64_microsoft.windows.common-controls_6595b64144ccf1df_6.0.15063.483_none_26002d27e7c744a2\COMCTL32.dll
0x00007ffd62a50000 - 0x00007ffd62d49000 	C:\WINDOWS\System32\combase.dll
0x00007ffd5c8e0000 - 0x00007ffd5c8ea000 	C:\WINDOWS\SYSTEM32\VERSION.dll
0x00007ffd62420000 - 0x00007ffd6248a000 	C:\WINDOWS\System32\bcryptPrimitives.dll
0x00007ffd62ff0000 - 0x00007ffd6301d000 	C:\WINDOWS\System32\IMM32.DLL
0x00007ffd32960000 - 0x00007ffd32a4f000 	C:\Program Files\Java\jdk-9\bin\msvcr120.dll
0x00007ffd30a30000 - 0x00007ffd30ad6000 	C:\Program Files\Java\jdk-9\bin\msvcp120.dll
0x00000000637d0000 - 0x00000000641fa000 	C:\Program Files\Java\jdk-9\bin\server\jvm.dll
0x00007ffd649f0000 - 0x00007ffd649f8000 	C:\WINDOWS\System32\PSAPI.DLL
0x00007ffd5fff0000 - 0x00007ffd5fff9000 	C:\WINDOWS\SYSTEM32\WSOCK32.dll
0x00007ffd65030000 - 0x00007ffd6509c000 	C:\WINDOWS\System32\WS2_32.dll
0x00007ffd5ff30000 - 0x00007ffd5ff53000 	C:\WINDOWS\SYSTEM32\WINMM.dll
0x00007ffd5fed0000 - 0x00007ffd5fefb000 	C:\WINDOWS\SYSTEM32\winmmbase.dll
0x00007ffd62110000 - 0x00007ffd62159000 	C:\WINDOWS\System32\cfgmgr32.dll
0x00007ffd60000000 - 0x00007ffd6000f000 	C:\Program Files\Java\jdk-9\bin\verify.dll
0x00007ffd44c30000 - 0x00007ffd44c57000 	C:\Program Files\Java\jdk-9\bin\java.dll
0x00007ffd44aa0000 - 0x00007ffd44aca000 	C:\Program Files\Java\jdk-9\bin\instrument.dll
0x00007ffd55a80000 - 0x00007ffd55a96000 	C:\Program Files\Java\jdk-9\bin\zip.dll
0x00007ffd58dd0000 - 0x00007ffd58dda000 	C:\Program Files\Java\jdk-9\bin\jimage.dll
0x00007ffd632a0000 - 0x00007ffd646d6000 	C:\WINDOWS\System32\SHELL32.dll
0x00007ffd650a0000 - 0x00007ffd6514a000 	C:\WINDOWS\System32\shcore.dll
0x00007ffd61a10000 - 0x00007ffd62103000 	C:\WINDOWS\System32\windows.storage.dll
0x00007ffd64e40000 - 0x00007ffd64e91000 	C:\WINDOWS\System32\shlwapi.dll
0x00007ffd61980000 - 0x00007ffd61991000 	C:\WINDOWS\System32\kernel.appcore.dll
0x00007ffd619c0000 - 0x00007ffd61a0c000 	C:\WINDOWS\System32\powrprof.dll
0x00007ffd61960000 - 0x00007ffd61975000 	C:\WINDOWS\System32\profapi.dll
0x00007ffd53320000 - 0x00007ffd5333a000 	C:\Program Files\Java\jdk-9\bin\net.dll
0x00007ffd5dca0000 - 0x00007ffd5dd77000 	C:\WINDOWS\SYSTEM32\WINHTTP.dll
0x00007ffd61270000 - 0x00007ffd612cc000 	C:\WINDOWS\system32\mswsock.dll
0x00007ffd52f40000 - 0x00007ffd52f51000 	C:\Program Files\Java\jdk-9\bin\nio.dll
0x00007ffd44910000 - 0x00007ffd4492a000 	A:\Program Files\JetBrains\IntelliJ IDEA 2017.2.5\bin\breakgen64.dll
0x00007ffd2bef0000 - 0x00007ffd2c08a000 	C:\Program Files\Java\jdk-9\bin\awt.dll
0x00007ffd62d50000 - 0x00007ffd62e10000 	C:\WINDOWS\System32\OLEAUT32.dll
0x00007ffd5f050000 - 0x00007ffd5f5f4000 	C:\WINDOWS\SYSTEM32\d2d1.dll
0x00007ffd62880000 - 0x00007ffd62a49000 	C:\WINDOWS\System32\CRYPT32.dll
0x00007ffd619a0000 - 0x00007ffd619b1000 	C:\WINDOWS\System32\MSASN1.dll
0x00007ffd60010000 - 0x00007ffd6008e000 	C:\WINDOWS\SYSTEM32\apphelp.dll
0x00007ffd5e830000 - 0x00007ffd5e85a000 	C:\WINDOWS\system32\DWMAPI.DLL
0x00007ffd60240000 - 0x00007ffd602d5000 	C:\WINDOWS\system32\uxtheme.dll
0x00007ffd3abd0000 - 0x00007ffd3acf1000 	C:\WINDOWS\system32\opengl32.dll
0x00007ffd58970000 - 0x00007ffd5899c000 	C:\WINDOWS\SYSTEM32\GLU32.dll
0x00007ffd62e80000 - 0x00007ffd62fe6000 	C:\WINDOWS\System32\MSCTF.dll
0x0000000065150000 - 0x000000006518c000 	C:\Fraps\fraps64.dll
0x00007ffd64ea0000 - 0x00007ffd64fe5000 	C:\WINDOWS\System32\ole32.dll
0x00007ffd61410000 - 0x00007ffd61427000 	C:\WINDOWS\SYSTEM32\CRYPTSP.dll
0x00007ffd60e30000 - 0x00007ffd60e64000 	C:\WINDOWS\system32\rsaenh.dll
0x00007ffd61520000 - 0x00007ffd61545000 	C:\WINDOWS\SYSTEM32\bcrypt.dll
0x00007ffd61430000 - 0x00007ffd6143b000 	C:\WINDOWS\SYSTEM32\CRYPTBASE.dll
0x00007ffd55120000 - 0x00007ffd552d7000 	C:\WINDOWS\system32\nvspcap64.dll
0x00007ffd64a00000 - 0x00007ffd64e3b000 	C:\WINDOWS\System32\SETUPAPI.dll
0x00007ffd57920000 - 0x00007ffd57d41000 	C:\WINDOWS\system32\nvapi64.dll
0x00007ffd608b0000 - 0x00007ffd60954000 	C:\WINDOWS\SYSTEM32\dxgi.dll
0x00007ffd61860000 - 0x00007ffd61890000 	C:\WINDOWS\SYSTEM32\SspiCli.dll
0x00007ffd596d0000 - 0x00007ffd597b6000 	C:\Program Files (x86)\NVIDIA Corporation\3D Vision\nvSCPAPI64.dll
0x00007ffd2f090000 - 0x00007ffd2f12d000 	C:\Program Files\Java\jdk-9\bin\fontmanager.dll
0x00007ffd59e30000 - 0x00007ffd59eb2000 	C:\WINDOWS\System32\TextInputFramework.dll
0x00007ffd5c510000 - 0x00007ffd5c7e2000 	C:\WINDOWS\System32\CoreUIComponents.dll
0x00007ffd5f600000 - 0x00007ffd5f6e3000 	C:\WINDOWS\System32\CoreMessaging.dll
0x00007ffd60b70000 - 0x00007ffd60ba1000 	C:\WINDOWS\SYSTEM32\ntmarta.dll
0x00007ffd5c310000 - 0x00007ffd5c449000 	C:\WINDOWS\SYSTEM32\wintypes.dll
0x00007ffd5c450000 - 0x00007ffd5c465000 	C:\WINDOWS\SYSTEM32\usermgrcli.dll
0x00007ffd61890000 - 0x00007ffd618b9000 	C:\WINDOWS\SYSTEM32\USERENV.dll
0x00007ffd61010000 - 0x00007ffd61047000 	C:\WINDOWS\SYSTEM32\IPHLPAPI.DLL
0x00007ffd64ff0000 - 0x00007ffd64ff8000 	C:\WINDOWS\System32\NSI.dll
0x00007ffd5d770000 - 0x00007ffd5d786000 	C:\WINDOWS\SYSTEM32\dhcpcsvc6.DLL
0x00007ffd5d730000 - 0x00007ffd5d74a000 	C:\WINDOWS\SYSTEM32\dhcpcsvc.DLL
0x00007ffd4cc40000 - 0x00007ffd4cde9000 	C:\WINDOWS\SYSTEM32\dbghelp.dll

VM Arguments:
jvm_args: -javaagent:A:\Program Files\JetBrains\IntelliJ IDEA 2017.2.5\lib\idea_rt.jar=49843:A:\Program Files\JetBrains\IntelliJ IDEA 2017.2.5\bin -Dfile.encoding=UTF-8 
java_command: dev.tilegame.Launcher
java_class_path (initial): A:\IntelliJ projects\2dGame\2d-Game\out\production\2d Game
Launcher Type: SUN_STANDARD

Logging:
Log output configuration:
#0: stdout all=warning uptime,level,tags
#1: stderr all=off uptime,level,tags

Environment Variables:
PATH=C:\ProgramData\Oracle\Java\javapath;C:\Windows\system32;C:\Windows;C:\Windows\System32\Wbem;C:\Windows\System32\WindowsPowerShell\v1.0\;C:\Program Files (x86)\NVIDIA Corporation\PhysX\Common;C:\Program Files (x86)\Calibre2\;C:\WINDOWS\system32;C:\WINDOWS;C:\WINDOWS\System32\Wbem;C:\WINDOWS\System32\WindowsPowerShell\v1.0\;C:\Program Files (x86)\Skype\Phone\;A:\Program Files\Git\cmd;C:\Users\dylan\AppData\Local\Microsoft\WindowsApps;
USERNAME=dylan
OS=Windows_NT
PROCESSOR_IDENTIFIER=Intel64 Family 6 Model 94 Stepping 3, GenuineIntel



---------------  S Y S T E M  ---------------

OS: Windows 10 , 64 bit Build 15063 (10.0.15063.296)

CPU:total 4 (initial active 4) (4 cores per cpu, 1 threads per core) family 6 model 94 stepping 3, cmov, cx8, fxsr, mmx, sse, sse2, sse3, ssse3, sse4.1, sse4.2, popcnt, avx, avx2, aes, clmul, erms, rtm, 3dnowpref, lzcnt, tsc, tscinvbit, bmi1, bmi2, adx, fma

Memory: 4k page, physical 16736312k(9928292k free), swap 24600632k(15470940k free)

vm_info: Java HotSpot(TM) 64-Bit Server VM (9+181) for windows-amd64 JRE (9+181), built on Aug  2 2017 21:30:51 by "javare" with MS VC++ 12.0 (VS2013)

END.
